[INFO ] 2017-11-17 10:00:38,526 com.webtest.util.Log - 
[INFO ] 2017-11-17 10:08:49,845 com.webtest.util.Log - 
[INFO ] 2017-11-17 10:12:02,657 com.webtest.util.Log - Using Firefox
[INFO ] 2017-11-17 10:12:02,662 com.webtest.util.Log - firefox
[INFO ] 2017-11-17 10:12:02,925 com.webtest.util.Log - org.openqa.selenium.NoSuchElementException: Unable to locate element: 킬퐒
For documentation on this error, please visit: http://seleniumhq.org/exceptions/no_such_element.html
Build info: version: '3.6.0', revision: '6fbf3ec767', time: '2017-09-27T16:15:40.131Z'
System info: host: 'DESKTOP-RVOGGDU', ip: '192.168.152.1', os.name: 'Windows 10', os.arch: 'amd64', os.version: '10.0', java.version: '1.8.0_121'
Driver info: org.openqa.selenium.firefox.FirefoxDriver
Capabilities [{moz:profile=C:\WINDOWS\TEMP\rust_mozprofile.CfwbRUv8P6Df, rotatable=false, timeouts={implicit=0, pageLoad=300000, script=30000}, pageLoadStrategy=normal, platform=XP, specificationLevel=0, moz:accessibilityChecks=false, acceptInsecureCerts=true, browserVersion=55.0.3, platformVersion=10.0, moz:processID=16584, browserName=firefox, javascriptEnabled=true, platformName=XP}]
Session ID: a7edb46f-adcc-43c5-b860-982a71e7e59f
*** Element info: {Using=link text, value=킬퐒}
[INFO ] 2017-11-17 10:16:46,578 com.webtest.util.Log - Using Firefox
[INFO ] 2017-11-17 10:16:46,586 com.webtest.util.Log - firefox
[INFO ] 2017-11-17 10:16:46,856 com.webtest.util.Log - org.openqa.selenium.NoSuchElementException: Unable to locate element: 킬퐒
For documentation on this error, please visit: http://seleniumhq.org/exceptions/no_such_element.html
Build info: version: '3.6.0', revision: '6fbf3ec767', time: '2017-09-27T16:15:40.131Z'
System info: host: 'DESKTOP-RVOGGDU', ip: '192.168.152.1', os.name: 'Windows 10', os.arch: 'amd64', os.version: '10.0', java.version: '1.8.0_121'
Driver info: org.openqa.selenium.firefox.FirefoxDriver
Capabilities [{moz:profile=C:\WINDOWS\TEMP\rust_mozprofile.ROQfTdESbSqf, rotatable=false, timeouts={implicit=0, pageLoad=300000, script=30000}, pageLoadStrategy=normal, platform=XP, specificationLevel=0, moz:accessibilityChecks=false, acceptInsecureCerts=true, browserVersion=55.0.3, platformVersion=10.0, moz:processID=10864, browserName=firefox, javascriptEnabled=true, platformName=XP}]
Session ID: 39b71f34-a160-4e84-885e-8f1d25c3c17e
*** Element info: {Using=link text, value=킬퐒}
[INFO ] 2017-11-17 14:32:08,678 com.webtest.util.Log - Using Firefox
[INFO ] 2017-11-17 14:32:08,693 com.webtest.util.Log - firefox
[INFO ] 2017-11-17 14:32:08,841 com.webtest.util.Log - org.openqa.selenium.NoSuchElementException: Unable to locate element: 킬퐒
For documentation on this error, please visit: http://seleniumhq.org/exceptions/no_such_element.html
Build info: version: '3.6.0', revision: '6fbf3ec767', time: '2017-09-27T16:15:40.131Z'
System info: host: 'DESKTOP-RVOGGDU', ip: '192.168.152.1', os.name: 'Windows 10', os.arch: 'amd64', os.version: '10.0', java.version: '1.8.0_121'
Driver info: org.openqa.selenium.firefox.FirefoxDriver
Capabilities [{moz:profile=C:\WINDOWS\TEMP\rust_mozprofile.pfbGfOlb2y7D, rotatable=false, timeouts={implicit=0, pageLoad=300000, script=30000}, pageLoadStrategy=normal, platform=XP, specificationLevel=0, moz:accessibilityChecks=false, acceptInsecureCerts=true, browserVersion=55.0.3, platformVersion=10.0, moz:processID=13320, browserName=firefox, javascriptEnabled=true, platformName=XP}]
Session ID: 07dfbb2f-4767-4191-bbf2-aaa492c7b854
*** Element info: {Using=link text, value=킬퐒}
[INFO ] 2017-11-17 14:32:12,879 com.webtest.util.Log - Opened url http://127.0.0.1/ranzhi/sys/user-login.html
[INFO ] 2017-11-17 14:32:12,904 com.webtest.util.Log - org.openqa.selenium.NoSuchElementException: Unable to locate element: *[name='username']
For documentation on this error, please visit: http://seleniumhq.org/exceptions/no_such_element.html
Build info: version: '3.6.0', revision: '6fbf3ec767', time: '2017-09-27T16:15:40.131Z'
System info: host: 'DESKTOP-RVOGGDU', ip: '192.168.152.1', os.name: 'Windows 10', os.arch: 'amd64', os.version: '10.0', java.version: '1.8.0_121'
Driver info: org.openqa.selenium.firefox.FirefoxDriver
Capabilities [{moz:profile=C:\WINDOWS\TEMP\rust_mozprofile.pfbGfOlb2y7D, rotatable=false, timeouts={implicit=0, pageLoad=300000, script=30000}, pageLoadStrategy=normal, platform=XP, specificationLevel=0, moz:accessibilityChecks=false, acceptInsecureCerts=true, browserVersion=55.0.3, platformVersion=10.0, moz:processID=13320, browserName=firefox, javascriptEnabled=true, platformName=XP}]
Session ID: 07dfbb2f-4767-4191-bbf2-aaa492c7b854
*** Element info: {Using=name, value=username}
[INFO ] 2017-11-17 14:32:13,030 com.webtest.util.Log - org.openqa.selenium.NoSuchElementException: Unable to locate element: .//*[@id='login_content']/div[1]/form/div/input
For documentation on this error, please visit: http://seleniumhq.org/exceptions/no_such_element.html
Build info: version: '3.6.0', revision: '6fbf3ec767', time: '2017-09-27T16:15:40.131Z'
System info: host: 'DESKTOP-RVOGGDU', ip: '192.168.152.1', os.name: 'Windows 10', os.arch: 'amd64', os.version: '10.0', java.version: '1.8.0_121'
Driver info: org.openqa.selenium.firefox.FirefoxDriver
Capabilities [{moz:profile=C:\WINDOWS\TEMP\rust_mozprofile.pfbGfOlb2y7D, rotatable=false, timeouts={implicit=0, pageLoad=300000, script=30000}, pageLoadStrategy=normal, platform=XP, specificationLevel=0, moz:accessibilityChecks=false, acceptInsecureCerts=true, browserVersion=55.0.3, platformVersion=10.0, moz:processID=13320, browserName=firefox, javascriptEnabled=true, platformName=XP}]
Session ID: 07dfbb2f-4767-4191-bbf2-aaa492c7b854
*** Element info: {Using=xpath, value=.//*[@id='login_content']/div[1]/form/div/input}
[INFO ] 2017-11-17 14:32:16,694 com.webtest.util.Log - Opened url http://127.0.0.1/ranzhi/sys/user-login.html
[INFO ] 2017-11-17 14:32:16,715 com.webtest.util.Log - org.openqa.selenium.NoSuchElementException: Unable to locate element: *[name='username']
For documentation on this error, please visit: http://seleniumhq.org/exceptions/no_such_element.html
Build info: version: '3.6.0', revision: '6fbf3ec767', time: '2017-09-27T16:15:40.131Z'
System info: host: 'DESKTOP-RVOGGDU', ip: '192.168.152.1', os.name: 'Windows 10', os.arch: 'amd64', os.version: '10.0', java.version: '1.8.0_121'
Driver info: org.openqa.selenium.firefox.FirefoxDriver
Capabilities [{moz:profile=C:\WINDOWS\TEMP\rust_mozprofile.pfbGfOlb2y7D, rotatable=false, timeouts={implicit=0, pageLoad=300000, script=30000}, pageLoadStrategy=normal, platform=XP, specificationLevel=0, moz:accessibilityChecks=false, acceptInsecureCerts=true, browserVersion=55.0.3, platformVersion=10.0, moz:processID=13320, browserName=firefox, javascriptEnabled=true, platformName=XP}]
Session ID: 07dfbb2f-4767-4191-bbf2-aaa492c7b854
*** Element info: {Using=name, value=username}
[INFO ] 2017-11-17 14:32:16,823 com.webtest.util.Log - org.openqa.selenium.NoSuchElementException: Unable to locate element: .//*[@id='login_content']/div[1]/form/div/input
For documentation on this error, please visit: http://seleniumhq.org/exceptions/no_such_element.html
Build info: version: '3.6.0', revision: '6fbf3ec767', time: '2017-09-27T16:15:40.131Z'
System info: host: 'DESKTOP-RVOGGDU', ip: '192.168.152.1', os.name: 'Windows 10', os.arch: 'amd64', os.version: '10.0', java.version: '1.8.0_121'
Driver info: org.openqa.selenium.firefox.FirefoxDriver
Capabilities [{moz:profile=C:\WINDOWS\TEMP\rust_mozprofile.pfbGfOlb2y7D, rotatable=false, timeouts={implicit=0, pageLoad=300000, script=30000}, pageLoadStrategy=normal, platform=XP, specificationLevel=0, moz:accessibilityChecks=false, acceptInsecureCerts=true, browserVersion=55.0.3, platformVersion=10.0, moz:processID=13320, browserName=firefox, javascriptEnabled=true, platformName=XP}]
Session ID: 07dfbb2f-4767-4191-bbf2-aaa492c7b854
*** Element info: {Using=xpath, value=.//*[@id='login_content']/div[1]/form/div/input}
[INFO ] 2017-11-17 14:33:07,542 com.webtest.util.Log - Using Firefox
[INFO ] 2017-11-17 14:33:07,546 com.webtest.util.Log - firefox
[INFO ] 2017-11-17 14:33:07,655 com.webtest.util.Log - org.openqa.selenium.NoSuchElementException: Unable to locate element: 킬퐒
For documentation on this error, please visit: http://seleniumhq.org/exceptions/no_such_element.html
Build info: version: '3.6.0', revision: '6fbf3ec767', time: '2017-09-27T16:15:40.131Z'
System info: host: 'DESKTOP-RVOGGDU', ip: '192.168.152.1', os.name: 'Windows 10', os.arch: 'amd64', os.version: '10.0', java.version: '1.8.0_121'
Driver info: org.openqa.selenium.firefox.FirefoxDriver
Capabilities [{moz:profile=C:\WINDOWS\TEMP\rust_mozprofile.PfJ4dqak0frW, rotatable=false, timeouts={implicit=0, pageLoad=300000, script=30000}, pageLoadStrategy=normal, platform=XP, specificationLevel=0, moz:accessibilityChecks=false, acceptInsecureCerts=true, browserVersion=55.0.3, platformVersion=10.0, moz:processID=13404, browserName=firefox, javascriptEnabled=true, platformName=XP}]
Session ID: 8fddff2e-2fd1-4e7b-821b-b521119a1ddb
*** Element info: {Using=link text, value=킬퐒}
[INFO ] 2017-11-17 14:33:11,607 com.webtest.util.Log - Opened url http://127.0.0.1/ranzhi/sys/user-login.html
[INFO ] 2017-11-17 14:33:11,756 com.webtest.util.Log - org.openqa.selenium.NoSuchElementException: Unable to locate element: .//*[@id='login_content']/div[1]/form/div/input
For documentation on this error, please visit: http://seleniumhq.org/exceptions/no_such_element.html
Build info: version: '3.6.0', revision: '6fbf3ec767', time: '2017-09-27T16:15:40.131Z'
System info: host: 'DESKTOP-RVOGGDU', ip: '192.168.152.1', os.name: 'Windows 10', os.arch: 'amd64', os.version: '10.0', java.version: '1.8.0_121'
Driver info: org.openqa.selenium.firefox.FirefoxDriver
Capabilities [{moz:profile=C:\WINDOWS\TEMP\rust_mozprofile.PfJ4dqak0frW, rotatable=false, timeouts={implicit=0, pageLoad=300000, script=30000}, pageLoadStrategy=normal, platform=XP, specificationLevel=0, moz:accessibilityChecks=false, acceptInsecureCerts=true, browserVersion=55.0.3, platformVersion=10.0, moz:processID=13404, browserName=firefox, javascriptEnabled=true, platformName=XP}]
Session ID: 8fddff2e-2fd1-4e7b-821b-b521119a1ddb
*** Element info: {Using=xpath, value=.//*[@id='login_content']/div[1]/form/div/input}
[INFO ] 2017-11-17 14:33:15,240 com.webtest.util.Log - Opened url http://127.0.0.1/ranzhi/sys/user-login.html
[INFO ] 2017-11-17 14:33:15,400 com.webtest.util.Log - org.openqa.selenium.NoSuchElementException: Unable to locate element: .//*[@id='login_content']/div[1]/form/div/input
For documentation on this error, please visit: http://seleniumhq.org/exceptions/no_such_element.html
Build info: version: '3.6.0', revision: '6fbf3ec767', time: '2017-09-27T16:15:40.131Z'
System info: host: 'DESKTOP-RVOGGDU', ip: '192.168.152.1', os.name: 'Windows 10', os.arch: 'amd64', os.version: '10.0', java.version: '1.8.0_121'
Driver info: org.openqa.selenium.firefox.FirefoxDriver
Capabilities [{moz:profile=C:\WINDOWS\TEMP\rust_mozprofile.PfJ4dqak0frW, rotatable=false, timeouts={implicit=0, pageLoad=300000, script=30000}, pageLoadStrategy=normal, platform=XP, specificationLevel=0, moz:accessibilityChecks=false, acceptInsecureCerts=true, browserVersion=55.0.3, platformVersion=10.0, moz:processID=13404, browserName=firefox, javascriptEnabled=true, platformName=XP}]
Session ID: 8fddff2e-2fd1-4e7b-821b-b521119a1ddb
*** Element info: {Using=xpath, value=.//*[@id='login_content']/div[1]/form/div/input}
[INFO ] 2017-11-17 14:34:33,888 com.webtest.util.Log - Using Firefox
[INFO ] 2017-11-17 14:34:33,892 com.webtest.util.Log - firefox
[INFO ] 2017-11-17 14:34:34,104 com.webtest.util.Log - org.openqa.selenium.NoSuchElementException: Unable to locate element: 킬퐒
For documentation on this error, please visit: http://seleniumhq.org/exceptions/no_such_element.html
Build info: version: '3.6.0', revision: '6fbf3ec767', time: '2017-09-27T16:15:40.131Z'
System info: host: 'DESKTOP-RVOGGDU', ip: '192.168.152.1', os.name: 'Windows 10', os.arch: 'amd64', os.version: '10.0', java.version: '1.8.0_121'
Driver info: org.openqa.selenium.firefox.FirefoxDriver
Capabilities [{moz:profile=C:\WINDOWS\TEMP\rust_mozprofile.Es5s5gKdb9vz, rotatable=false, timeouts={implicit=0, pageLoad=300000, script=30000}, pageLoadStrategy=normal, platform=XP, specificationLevel=0, moz:accessibilityChecks=false, acceptInsecureCerts=true, browserVersion=55.0.3, platformVersion=10.0, moz:processID=12996, browserName=firefox, javascriptEnabled=true, platformName=XP}]
Session ID: 7c2e74e8-305f-4a12-8a6f-b9e578fa8f8f
*** Element info: {Using=link text, value=킬퐒}
[INFO ] 2017-11-17 14:34:37,919 com.webtest.util.Log - Opened url http://127.0.0.1/ranzhi/sys/user-login.html
[INFO ] 2017-11-17 14:34:43,037 com.webtest.util.Log - Opened url http://127.0.0.1/ranzhi/sys/user-login.html
